<?xml version="1.0" encoding="UTF-8"?>
<testsuite name="BookTest" tests="2" skipped="0" failures="0" errors="0" timestamp="2015-09-02T20:29:37" hostname="epicodus-110.local" time="0.13">
  <properties/>
  <testcase name="addBook" classname="BookTest" time="0.105"/>
  <testcase name="all_emptyAtFirst" classname="BookTest" time="0.025"/>
  <system-out><![CDATA[]]></system-out>
  <system-err><![CDATA[]]></system-err>
</testsuite>
